Step: build-step-credential-initializer:

Step: build-step-git-source:

Step: build-step-jenkins:

Picked up _JAVA_OPTIONS: -Xmx2048m
Started
Running in Durability level: PERFORMANCE_OPTIMIZED
  24.342 [id=23]	WARNING	i.f.k.c.i.VersionUsageUtils#alert: The client is using resource type 'customresourcedefinitions' with unstable version 'v1beta1'
[Pipeline] node
Running on Jenkins in /tmp/jenkinsTests.tmp/jenkins5361160441199736410test/workspace/job
  41.429 [id=68]	WARNING	o.j.plugins.workflow.cps.DSL#invokeStep: Error storing the arguments for step: checkout
org.kohsuke.stapler.NoStaplerConstructorException: There's no @DataBoundConstructor on any constructor of class io.jenkins.jenkinsfile.runner.FileSystemSCM
	at org.kohsuke.stapler.ClassDescriptor.loadConstructorParamNames(ClassDescriptor.java:265)
	at org.jenkinsci.plugins.structs.describable.DescribableModel.<init>(DescribableModel.java:144)
	at org.jenkinsci.plugins.structs.describable.DescribableModel.of(DescribableModel.java:114)
	at org.jenkinsci.plugins.workflow.cps.actions.ArgumentsActionImpl.sanitizeObjectAndRecordMutation(ArgumentsActionImpl.java:294)
	at org.jenkinsci.plugins.workflow.cps.actions.ArgumentsActionImpl.sanitizeMapAndRecordMutation(ArgumentsActionImpl.java:386)
	at org.jenkinsci.plugins.workflow.cps.actions.ArgumentsActionImpl.<init>(ArgumentsActionImpl.java:74)
	at org.jenkinsci.plugins.workflow.cps.DSL.invokeStep(DSL.java:245)
	at org.jenkinsci.plugins.workflow.cps.DSL.invokeMethod(DSL.java:178)
	at org.jenkinsci.plugins.workflow.cps.CpsScript.invokeMethod(CpsScript.java:122)
	at org.codehaus.groovy.runtime.callsite.PogoMetaClassSite.call(PogoMetaClassSite.java:48)
	at org.codehaus.groovy.runtime.callsite.CallSiteArray.defaultCall(CallSiteArray.java:48)
	at org.codehaus.groovy.runtime.callsite.AbstractCallSite.call(AbstractCallSite.java:113)
	at com.cloudbees.groovy.cps.sandbox.DefaultInvoker.methodCall(DefaultInvoker.java:20)
	at com.cloudbees.groovy.cps.impl.ContinuationGroup.methodCall(ContinuationGroup.java:57)
	at com.cloudbees.groovy.cps.impl.FunctionCallBlock$ContinuationImpl.dispatchOrArg(FunctionCallBlock.java:109)
	at com.cloudbees.groovy.cps.impl.FunctionCallBlock$ContinuationImpl.fixArg(FunctionCallBlock.java:82)
	at sun.reflect.GeneratedMethodAccessor140.invoke(Unknown Source)
	at sun.reflect.DelegatingMethodAccessorImpl.invoke(DelegatingMethodAccessorImpl.java:43)
	at java.lang.reflect.Method.invoke(Method.java:498)
	at com.cloudbees.groovy.cps.impl.ContinuationPtr$ContinuationImpl.receive(ContinuationPtr.java:72)
	at com.cloudbees.groovy.cps.impl.PropertyishBlock$ContinuationImpl.get(PropertyishBlock.java:76)
	at com.cloudbees.groovy.cps.LValueBlock$GetAdapter.receive(LValueBlock.java:30)
	at com.cloudbees.groovy.cps.impl.PropertyishBlock$ContinuationImpl.fixName(PropertyishBlock.java:66)
	at sun.reflect.GeneratedMethodAccessor169.invoke(Unknown Source)
	at sun.reflect.DelegatingMethodAccessorImpl.invoke(DelegatingMethodAccessorImpl.java:43)
	at java.lang.reflect.Method.invoke(Method.java:498)
	at com.cloudbees.groovy.cps.impl.ContinuationPtr$ContinuationImpl.receive(ContinuationPtr.java:72)
	at com.cloudbees.groovy.cps.impl.ConstantBlock.eval(ConstantBlock.java:21)
	at com.cloudbees.groovy.cps.Next.step(Next.java:83)
	at com.cloudbees.groovy.cps.Continuable$1.call(Continuable.java:174)
	at com.cloudbees.groovy.cps.Continuable$1.call(Continuable.java:163)
	at org.codehaus.groovy.runtime.GroovyCategorySupport$ThreadCategoryInfo.use(GroovyCategorySupport.java:129)
	at org.codehaus.groovy.runtime.GroovyCategorySupport.use(GroovyCategorySupport.java:268)
	at com.cloudbees.groovy.cps.Continuable.run0(Continuable.java:163)
	at org.jenkinsci.plugins.workflow.cps.SandboxContinuable.access$101(SandboxContinuable.java:34)
	at org.jenkinsci.plugins.workflow.cps.SandboxContinuable.lambda$run0$0(SandboxContinuable.java:59)
	at org.jenkinsci.plugins.scriptsecurity.sandbox.groovy.GroovySandbox.runInSandbox(GroovySandbox.java:108)
	at org.jenkinsci.plugins.workflow.cps.SandboxContinuable.run0(SandboxContinuable.java:58)
	at org.jenkinsci.plugins.workflow.cps.CpsThread.runNextChunk(CpsThread.java:182)
	at org.jenkinsci.plugins.workflow.cps.CpsThreadGroup.run(CpsThreadGroup.java:332)
	at org.jenkinsci.plugins.workflow.cps.CpsThreadGroup.access$200(CpsThreadGroup.java:83)
	at org.jenkinsci.plugins.workflow.cps.CpsThreadGroup$2.call(CpsThreadGroup.java:244)
	at org.jenkinsci.plugins.workflow.cps.CpsThreadGroup$2.call(CpsThreadGroup.java:232)
	at org.jenkinsci.plugins.workflow.cps.CpsVmExecutorService$2.call(CpsVmExecutorService.java:64)
	at java.util.concurrent.FutureTask.run(FutureTask.java:266)
	at hudson.remoting.SingleLaneExecutorService$1.run(SingleLaneExecutorService.java:131)
	at jenkins.util.ContextResettingExecutorService$1.run(ContextResettingExecutorService.java:28)
	at jenkins.security.ImpersonatingExecutorService$1.run(ImpersonatingExecutorService.java:59)
	at java.util.concurrent.Executors$RunnableAdapter.call(Executors.java:511)
	at java.util.concurrent.FutureTask.run(FutureTask.java:266)
	at java.util.concurrent.ThreadPoolExecutor.runWorker(ThreadPoolExecutor.java:1149)
	at java.util.concurrent.ThreadPoolExecutor$Worker.run(ThreadPoolExecutor.java:624)
	at java.lang.Thread.run(Thread.java:748)
[Pipeline] {
[Pipeline] stage
[Pipeline] { (Declarative: Checkout SCM)
[Pipeline] checkout
[Pipeline] }
[Pipeline] // stage
[Pipeline] withCredentials
[Pipeline] {
[Pipeline] withEnv
[Pipeline] {
[Pipeline] stage
[Pipeline] { (CI Build and push snapshot)
Stage "CI Build and push snapshot" skipped due to when conditional
[Pipeline] }
[Pipeline] // stage
[Pipeline] stage
[Pipeline] { (Build Release)
[Pipeline] dir
Running in /home/jenkins/go/src/github.com/jenkins-x-apps/jx-app-sonarqube
[Pipeline] {
[Pipeline] git
Cloning the remote Git repository
Cloning repository https://github.com/jenkins-x-apps/jx-app-sonarqube
 > git init /home/jenkins/go/src/github.com/jenkins-x-apps/jx-app-sonarqube # timeout=10
Fetching upstream changes from https://github.com/jenkins-x-apps/jx-app-sonarqube
 > git --version # timeout=10
 > git fetch --tags --progress https://github.com/jenkins-x-apps/jx-app-sonarqube +refs/heads/*:refs/remotes/origin/*
 > git config remote.origin.url https://github.com/jenkins-x-apps/jx-app-sonarqube # timeout=10
 > git config --add remote.origin.fetch +refs/heads/*:refs/remotes/origin/* # timeout=10
 > git config remote.origin.url https://github.com/jenkins-x-apps/jx-app-sonarqube # timeout=10
Fetching upstream changes from https://github.com/jenkins-x-apps/jx-app-sonarqube
 > git fetch --tags --progress https://github.com/jenkins-x-apps/jx-app-sonarqube +refs/heads/*:refs/remotes/origin/*
 > git rev-parse refs/remotes/origin/master^{commit} # timeout=10
 > git rev-parse refs/remotes/origin/origin/master^{commit} # timeout=10
Checking out Revision 592c199332b00145e60777887cbe557b4b7407b6 (refs/remotes/origin/master)
 > git config core.sparsecheckout # timeout=10
 > git checkout -f 592c199332b00145e60777887cbe557b4b7407b6
 > git branch -a -v --no-abbrev # timeout=10
 > git checkout -b master 592c199332b00145e60777887cbe557b4b7407b6
Commit message: "Merge pull request #1 from jenkins-x-apps/fix-repo-references"
First time build. Skipping changelog.
[Pipeline] }
[Pipeline] // dir
[Pipeline] dir
Running in /home/jenkins/go/src/github.com/jenkins-x-apps/jx-app-sonarqube/charts/jx-app-sonarqube
[Pipeline] {
[Pipeline] sh
+ git checkout master
Already on 'master'
[Pipeline] sh
+ git config --global credential.helper store
[Pipeline] sh
+ jx step git credentials
Generated Git credentials file /home/jenkins/git/credentials
[Pipeline] }
[Pipeline] // dir
[Pipeline] dir
Running in /home/jenkins/go/src/github.com/jenkins-x-apps/jx-app-sonarqube
[Pipeline] {
[Pipeline] sh
+ jx-release-version
+ echo 0.0.1
[Pipeline] }
[Pipeline] // dir
[Pipeline] dir
Running in /home/jenkins/go/src/github.com/jenkins-x-apps/jx-app-sonarqube/charts/jx-app-sonarqube
[Pipeline] {
[Pipeline] sh
+ make tag
sed -i -e "s/version:.*/version: 0.0.1/" Chart.yaml
sed -i -e "s|repository: .*|repository: 10.51.248.122:5000\/jenkins-x-apps\/jx-app-sonarqube|" values.yaml
sed -i -e "s/tag: .*/tag: 0.0.1/" values.yaml
git add --all
git commit -m "release 0.0.1" --allow-empty # if first release then no verion update is performed
[master 5f9cdd7] release 0.0.1
 6 files changed, 11 insertions(+), 3 deletions(-)
 create mode 100644 VERSION
 create mode 100644 charts/jx-app-sonarqube@tmp/durable-c008ed35/jenkins-log.txt
 create mode 100644 charts/jx-app-sonarqube@tmp/durable-c008ed35/last-location.txt
 create mode 100644 charts/jx-app-sonarqube@tmp/durable-c008ed35/script.sh
git tag -fa v0.0.1 -m "Release version 0.0.1"
git push origin v0.0.1
To https://github.com/jenkins-x-apps/jx-app-sonarqube
 * [new tag]         v0.0.1 -> v0.0.1
[Pipeline] }
[Pipeline] // dir
[Pipeline] dir
Running in /home/jenkins/go/src/github.com/jenkins-x-apps/jx-app-sonarqube
[Pipeline] {
[Pipeline] sh
+ make build
go: creating new go.mod: module github.com/jenkins-x-apps/jx-app-sonarqube
CGO_ENABLED=0 GO111MODULE=on GO15VENDOREXPERIMENT=1 goGO15VENDOREXPERIMENT=1 go build -ldflags '' -o bin/jx-app-sonarqube main.go
[Pipeline] sh
+ cat VERSION
+ export VERSION=0.0.1
+ skaffold build -f skaffold.yaml
time="2018-12-18T14:57:55Z" level=warning msg="config version (skaffold/v1alpha2) out of date: upgrading to latest (skaffold/v1beta1)"
Starting build...
Building [changeme]...
Sending build context to Docker daemon  525.8kBSending build context to Docker daemon  6.494MB
Step 1/4 : FROM scratch
 ---> 
Step 2/4 : EXPOSE 8080
 ---> Running in 03cdad402fbd
 ---> 5e7edf243fb0
Step 3/4 : ENTRYPOINT /jx-app-sonarqube
 ---> Running in b35455fbc4e6
 ---> 43d603db2562
Step 4/4 : COPY ./bin/ /
 ---> cc2491683f5c
Successfully built cc2491683f5c
The push refers to a repository [10.51.248.122:5000/jenkins-x-apps/jx-app-sonarqube]
2def28a4d5cc: Preparing
2def28a4d5cc: Pushed
0.0.1: digest: sha256:fc5a64370546865037362c1c3df741382ea6f66d3fcc5f4c07b62356c4b47f8d size: 528
Build complete in 4.803814479s
Starting test...
Test complete in 5.548µs
changeme -> 10.51.248.122:5000/jenkins-x-apps/jx-app-sonarqube:0.0.1
[Pipeline] sh
+ cat VERSION
+ jx step post build --image 10.51.248.122:5000/jenkinsxio/jx-app-sonarqube:0.0.1
[Pipeline] }
[Pipeline] // dir
[Pipeline] }
[Pipeline] // stage
[Pipeline] stage
[Pipeline] { (Promote to Environments)
[Pipeline] dir
Running in /home/jenkins/go/src/github.com/jenkins-x-apps/jx-app-sonarqube/charts/jx-app-sonarqube
[Pipeline] {
[Pipeline] sh
+ cat ../../VERSION
+ jx step changelog --version v0.0.1
Using batch mode as inside a pipeline
Generating change log from git ref 592c199332b00145e60777887cbe557b4b7407b6 => 5f9cdd74996ff4f18a5cfdc1219dbfd0b079e4b7
Unable to find user: jenkins-x.googlegroups.com -- users.jenkins.io "jenkins-x.googlegroups.com" not found
Unable to find user: jenkins-x.googlegroups.com -- users.jenkins.io "jenkins-x.googlegroups.com" not found
Finding issues in commit messages using git format
No release found for jenkins-x-apps/jx-app-sonarqube and tag v0.0.1 so creating a new release
Updated the release information at https://github.com/jenkins-x-apps/jx-app-sonarqube/releases/tag/v0.0.1
generated: /home/jenkins/go/src/github.com/jenkins-x-apps/jx-app-sonarqube/charts/jx-app-sonarqube/templates/release.yaml
Created Release jx-app-sonarqube-0-0-1 resource in namespace jx
Updating PipelineActivity jenkins-x-apps-jx-app-sonarqube-master-3 with version 0.0.1
Updated PipelineActivities jenkins-x-apps-jx-app-sonarqube-master-3 with release notes URL: https://github.com/jenkins-x-apps/jx-app-sonarqube/releases/tag/v0.0.1
[Pipeline] sh
+ jx step helm release
No $CHART_REPOSITORY defined so using the default value of: http://jenkins-x-chartmuseum:8080
Adding missing Helm repo: releases http://jenkins-x-chartmuseum:8080
Successfully added Helm repository releases.
Adding missing Helm repo: jenkins-x http://chartmuseum.jenkins-x.io
Successfully added Helm repository jenkins-x.
No $CHART_REPOSITORY defined so using the default value of: http://jenkins-x-chartmuseum:8080
Uploading chart file jx-app-sonarqube-0.0.1.tgz to http://jenkins-x-chartmuseum:8080/api/charts
Received 201 response: {"saved":true}
[Pipeline] }
[Pipeline] // dir
[Pipeline] dir
Running in /home/jenkins/go/src/github.com/jenkins-x-apps/jx-app-sonarqube
[Pipeline] {
[Pipeline] sh
+ cat VERSION
+ docker build -t docker.io/jenkinsxio/jx-app-sonarqube:0.0.1 .
Sending build context to Docker daemon  6.673MB
Step 1/4 : FROM scratch
 ---> 
Step 2/4 : EXPOSE 8080
 ---> Using cache
 ---> 5e7edf243fb0
Step 3/4 : ENTRYPOINT /jx-app-sonarqube
 ---> Using cache
 ---> 43d603db2562
Step 4/4 : COPY ./bin/ /
 ---> b96dc925d061
Removing intermediate container e48017cdd178
Successfully built b96dc925d061
[Pipeline] sh
+ cat VERSION
+ docker push docker.io/jenkinsxio/jx-app-sonarqube:0.0.1
The push refers to a repository [docker.io/jenkinsxio/jx-app-sonarqube]
2def28a4d5cc: Preparing
2def28a4d5cc: Pushed
0.0.1: digest: sha256:c0d29fc53d6477a84799877b495f81cca38978bab0e7c3fdb137f162588648b8 size: 528
[Pipeline] sh
+ cat VERSION
+ docker tag docker.io/jenkinsxio/jx-app-sonarqube:0.0.1 docker.io/jenkinsxio/jx-app-sonarqube:latest
[Pipeline] sh
+ docker push docker.io/jenkinsxio/jx-app-sonarqube:latest
The push refers to a repository [docker.io/jenkinsxio/jx-app-sonarqube]
2def28a4d5cc: Preparing
2def28a4d5cc: Layer already exists
latest: digest: sha256:c0d29fc53d6477a84799877b495f81cca38978bab0e7c3fdb137f162588648b8 size: 528
[Pipeline] }
[Pipeline] // dir
[Pipeline] }
[Pipeline] // stage
[Pipeline] }
[Pipeline] // withEnv
[Pipeline] }
[Pipeline] // withCredentials
[Pipeline] }
[Pipeline] // node
[Pipeline] End of Pipeline
Finished: SUCCESS
